{"$message_type":"diagnostic","message":"linking with `cc` failed: exit status: 1","code":null,"level":"error","spans":[],"children":[{"message":" \"cc\" \"-m64\" \"-Wl,-Bstatic\" \"-Wl,--whole-archive\" \"-Wl,<sysroot>/lib/rustlib/x86_64-unknown-linux-gnu/lib/librustc-nightly_rt.asan.a\" \"-Wl,--no-whole-archive\" \"<1 object files omitted>\" \"-Wl,--as-needed\" \"/home/dongwon/project/ironpost/fuzz/target/x86_64-unknown-linux-gnu/release/deps/rustcXKt50b/liblibfuzzer_sys-cd08cd1c2a00d98e.rlib\" \"<sysroot>/lib/rustlib/x86_64-unknown-linux-gnu/lib/libcompiler_builtins-*.rlib\" \"-Wl,-Bdynamic\" \"-lstdc++\" \"-lgcc_s\" \"-lutil\" \"-lrt\" \"-lpthread\" \"-lm\" \"-ldl\" \"-lc\" \"-L\" \"/home/dongwon/project/ironpost/fuzz/target/x86_64-unknown-linux-gnu/release/deps/rustcXKt50b/raw-dylibs\" \"-B<sysroot>/lib/rustlib/x86_64-unknown-linux-gnu/bin/gcc-ld\" \"-fuse-ld=lld\" \"-Wl,--eh-frame-hdr\" \"-Wl,-z,noexecstack\" \"-L\" \"/home/dongwon/project/ironpost/fuzz/target/x86_64-unknown-linux-gnu/release/build/libfuzzer-sys-9fa7f1c335e3fa90/out\" \"-L\" \"<sysroot>/lib/rustlib/x86_64-unknown-linux-gnu/lib\" \"-o\" \"/home/dongwon/project/ironpost/fuzz/target/x86_64-unknown-linux-gnu/release/deps/fuzz_npm_lock-b5675317dd42ab79\" \"-Wl,--gc-sections\" \"-pie\" \"-Wl,-z,relro,-z,now\" \"-Wl,-O1\" \"-nodefaultlibs\"","code":null,"level":"note","spans":[],"children":[],"rendered":null},{"message":"some arguments are omitted. use `--verbose` to show all linker arguments","code":null,"level":"note","spans":[],"children":[],"rendered":null},{"message":"rust-lld: error: undefined symbol: __sancov_gen_.6\n>>> referenced by fuzz_npm_lock.81437a993e856bd3-cgu.0\n>>>               /home/dongwon/project/ironpost/fuzz/target/x86_64-unknown-linux-gnu/release/deps/fuzz_npm_lock-b5675317dd42ab79.fuzz_npm_lock.81437a993e856bd3-cgu.0.rcgu.o:(asan.module_dtor.123)\n\nrust-lld: error: undefined symbol: __sancov_gen_.270\n>>> referenced by fuzz_npm_lock.81437a993e856bd3-cgu.0\n>>>               /home/dongwon/project/ironpost/fuzz/target/x86_64-unknown-linux-gnu/release/deps/fuzz_npm_lock-b5675317dd42ab79.fuzz_npm_lock.81437a993e856bd3-cgu.0.rcgu.o:(asan.module_dtor.135)\n\nrust-lld: error: undefined symbol: __sancov_gen_.546\n>>> referenced by fuzz_npm_lock.81437a993e856bd3-cgu.0\n>>>               /home/dongwon/project/ironpost/fuzz/target/x86_64-unknown-linux-gnu/release/deps/fuzz_npm_lock-b5675317dd42ab79.fuzz_npm_lock.81437a993e856bd3-cgu.0.rcgu.o:(asan.module_dtor.175)\n\nrust-lld: error: undefined symbol: __sancov_gen_.43\n>>> referenced by fuzz_npm_lock.81437a993e856bd3-cgu.0\n>>>               /home/dongwon/project/ironpost/fuzz/target/x86_64-unknown-linux-gnu/release/deps/fuzz_npm_lock-b5675317dd42ab79.fuzz_npm_lock.81437a993e856bd3-cgu.0.rcgu.o:(asan.module_dtor.491)\n\nrust-lld: error: undefined symbol: __sancov_gen_.26\n>>> referenced by fuzz_npm_lock.81437a993e856bd3-cgu.0\n>>>               /home/dongwon/project/ironpost/fuzz/target/x86_64-unknown-linux-gnu/release/deps/fuzz_npm_lock-b5675317dd42ab79.fuzz_npm_lock.81437a993e856bd3-cgu.0.rcgu.o:(asan.module_dtor.554)\n\nrust-lld: error: undefined symbol: __sancov_gen_.69\n>>> referenced by fuzz_npm_lock.81437a993e856bd3-cgu.0\n>>>               /home/dongwon/project/ironpost/fuzz/target/x86_64-unknown-linux-gnu/release/deps/fuzz_npm_lock-b5675317dd42ab79.fuzz_npm_lock.81437a993e856bd3-cgu.0.rcgu.o:(asan.module_dtor.579)\n\nrust-lld: error: undefined symbol: __sancov_gen_.1438\n>>> referenced by fuzz_npm_lock.81437a993e856bd3-cgu.0\n>>>               /home/dongwon/project/ironpost/fuzz/target/x86_64-unknown-linux-gnu/release/deps/fuzz_npm_lock-b5675317dd42ab79.fuzz_npm_lock.81437a993e856bd3-cgu.0.rcgu.o:(asan.module_dtor.624)\n\nrust-lld: error: undefined symbol: __sancov_gen_.2208\n>>> referenced by fuzz_npm_lock.81437a993e856bd3-cgu.0\n>>>               /home/dongwon/project/ironpost/fuzz/target/x86_64-unknown-linux-gnu/release/deps/fuzz_npm_lock-b5675317dd42ab79.fuzz_npm_lock.81437a993e856bd3-cgu.0.rcgu.o:(asan.module_dtor.882)\n\nrust-lld: error: undefined symbol: __sancov_gen_.35\n>>> referenced by fuzz_npm_lock.81437a993e856bd3-cgu.0\n>>>               /home/dongwon/project/ironpost/fuzz/target/x86_64-unknown-linux-gnu/release/deps/fuzz_npm_lock-b5675317dd42ab79.fuzz_npm_lock.81437a993e856bd3-cgu.0.rcgu.o:(asan.module_dtor.1420)\n\nrust-lld: error: undefined symbol: __sancov_gen_.59\n>>> referenced by fuzz_npm_lock.81437a993e856bd3-cgu.0\n>>>               /home/dongwon/project/ironpost/fuzz/target/x86_64-unknown-linux-gnu/release/deps/fuzz_npm_lock-b5675317dd42ab79.fuzz_npm_lock.81437a993e856bd3-cgu.0.rcgu.o:(asan.module_dtor.1479)\n\nrust-lld: error: undefined symbol: __sancov_gen_.86\n>>> referenced by fuzz_npm_lock.81437a993e856bd3-cgu.0\n>>>               /home/dongwon/project/ironpost/fuzz/target/x86_64-unknown-linux-gnu/release/deps/fuzz_npm_lock-b5675317dd42ab79.fuzz_npm_lock.81437a993e856bd3-cgu.0.rcgu.o:(asan.module_dtor.1597)\n\nrust-lld: error: undefined symbol: __sancov_gen_.331\n>>> referenced by fuzz_npm_lock.81437a993e856bd3-cgu.0\n>>>               /home/dongwon/project/ironpost/fuzz/target/x86_64-unknown-linux-gnu/release/deps/fuzz_npm_lock-b5675317dd42ab79.fuzz_npm_lock.81437a993e856bd3-cgu.0.rcgu.o:(asan.module_dtor.1722)\n\nrust-lld: error: undefined symbol: __sancov_gen_.722\n>>> referenced by fuzz_npm_lock.81437a993e856bd3-cgu.0\n>>>               /home/dongwon/project/ironpost/fuzz/target/x86_64-unknown-linux-gnu/release/deps/fuzz_npm_lock-b5675317dd42ab79.fuzz_npm_lock.81437a993e856bd3-cgu.0.rcgu.o:(asan.module_dtor.1999)\n\nrust-lld: error: undefined symbol: __sancov_gen_.670\n>>> referenced by fuzz_npm_lock.81437a993e856bd3-cgu.0\n>>>               /home/dongwon/project/ironpost/fuzz/target/x86_64-unknown-linux-gnu/release/deps/fuzz_npm_lock-b5675317dd42ab79.fuzz_npm_lock.81437a993e856bd3-cgu.0.rcgu.o:(asan.module_dtor.2306)\n\nrust-lld: error: undefined symbol: __sancov_gen_.17\n>>> referenced by fuzz_npm_lock.81437a993e856bd3-cgu.0\n>>>               /home/dongwon/project/ironpost/fuzz/target/x86_64-unknown-linux-gnu/release/deps/fuzz_npm_lock-b5675317dd42ab79.fuzz_npm_lock.81437a993e856bd3-cgu.0.rcgu.o:(asan.module_dtor.2865)\n\nrust-lld: error: undefined symbol: __sancov_gen_.371\n>>> referenced by fuzz_npm_lock.81437a993e856bd3-cgu.0\n>>>               /home/dongwon/project/ironpost/fuzz/target/x86_64-unknown-linux-gnu/release/deps/fuzz_npm_lock-b5675317dd42ab79.fuzz_npm_lock.81437a993e856bd3-cgu.0.rcgu.o:(asan.module_dtor.2890)\n\nrust-lld: error: undefined symbol: __sancov_gen_.95\n>>> referenced by fuzz_npm_lock.81437a993e856bd3-cgu.0\n>>>               /home/dongwon/project/ironpost/fuzz/target/x86_64-unknown-linux-gnu/release/deps/fuzz_npm_lock-b5675317dd42ab79.fuzz_npm_lock.81437a993e856bd3-cgu.0.rcgu.o:(asan.module_dtor.3193)\n\nrust-lld: error: undefined symbol: __sancov_gen_.325\n>>> referenced by fuzz_npm_lock.81437a993e856bd3-cgu.0\n>>>               /home/dongwon/project/ironpost/fuzz/target/x86_64-unknown-linux-gnu/release/deps/fuzz_npm_lock-b5675317dd42ab79.fuzz_npm_lock.81437a993e856bd3-cgu.0.rcgu.o:(asan.module_dtor.3335)\n\nrust-lld: error: undefined symbol: __sancov_gen_.134\n>>> referenced by fuzz_npm_lock.81437a993e856bd3-cgu.0\n>>>               /home/dongwon/project/ironpost/fuzz/target/x86_64-unknown-linux-gnu/release/deps/fuzz_npm_lock-b5675317dd42ab79.fuzz_npm_lock.81437a993e856bd3-cgu.0.rcgu.o:(asan.module_dtor.3731)\n\nrust-lld: error: undefined symbol: __sancov_gen_.336\n>>> referenced by fuzz_npm_lock.81437a993e856bd3-cgu.0\n>>>               /home/dongwon/project/ironpost/fuzz/target/x86_64-unknown-linux-gnu/release/deps/fuzz_npm_lock-b5675317dd42ab79.fuzz_npm_lock.81437a993e856bd3-cgu.0.rcgu.o:(asan.module_dtor.3833)\n\nrust-lld: error: too many errors emitted, stopping now (use --error-limit=0 to see all errors)\ncollect2: error: ld returned 1 exit status\n","code":null,"level":"note","spans":[],"children":[],"rendered":null}],"rendered":"\u001b[1m\u001b[91merror\u001b[0m\u001b[1m: linking with `cc` failed: exit status: 1\u001b[0m\n  \u001b[1m\u001b[94m|\u001b[0m\n  \u001b[1m\u001b[94m= \u001b[0m\u001b[1mnote\u001b[0m:  \"cc\" \"-m64\" \"-Wl,-Bstatic\" \"-Wl,--whole-archive\" \"-Wl,<sysroot>/lib/rustlib/x86_64-unknown-linux-gnu/lib/librustc-nightly_rt.asan.a\" \"-Wl,--no-whole-archive\" \"<1 object files omitted>\" \"-Wl,--as-needed\" \"/home/dongwon/project/ironpost/fuzz/target/x86_64-unknown-linux-gnu/release/deps/rustcXKt50b/liblibfuzzer_sys-cd08cd1c2a00d98e.rlib\" \"<sysroot>/lib/rustlib/x86_64-unknown-linux-gnu/lib/libcompiler_builtins-*.rlib\" \"-Wl,-Bdynamic\" \"-lstdc++\" \"-lgcc_s\" \"-lutil\" \"-lrt\" \"-lpthread\" \"-lm\" \"-ldl\" \"-lc\" \"-L\" \"/home/dongwon/project/ironpost/fuzz/target/x86_64-unknown-linux-gnu/release/deps/rustcXKt50b/raw-dylibs\" \"-B<sysroot>/lib/rustlib/x86_64-unknown-linux-gnu/bin/gcc-ld\" \"-fuse-ld=lld\" \"-Wl,--eh-frame-hdr\" \"-Wl,-z,noexecstack\" \"-L\" \"/home/dongwon/project/ironpost/fuzz/target/x86_64-unknown-linux-gnu/release/build/libfuzzer-sys-9fa7f1c335e3fa90/out\" \"-L\" \"<sysroot>/lib/rustlib/x86_64-unknown-linux-gnu/lib\" \"-o\" \"/home/dongwon/project/ironpost/fuzz/target/x86_64-unknown-linux-gnu/release/deps/fuzz_npm_lock-b5675317dd42ab79\" \"-Wl,--gc-sections\" \"-pie\" \"-Wl,-z,relro,-z,now\" \"-Wl,-O1\" \"-nodefaultlibs\"\n  \u001b[1m\u001b[94m= \u001b[0m\u001b[1mnote\u001b[0m: some arguments are omitted. use `--verbose` to show all linker arguments\n  \u001b[1m\u001b[94m= \u001b[0m\u001b[1mnote\u001b[0m: rust-lld: error: undefined symbol: __sancov_gen_.6\n          >>> referenced by fuzz_npm_lock.81437a993e856bd3-cgu.0\n          >>>               /home/dongwon/project/ironpost/fuzz/target/x86_64-unknown-linux-gnu/release/deps/fuzz_npm_lock-b5675317dd42ab79.fuzz_npm_lock.81437a993e856bd3-cgu.0.rcgu.o:(asan.module_dtor.123)\n          \n          rust-lld: error: undefined symbol: __sancov_gen_.270\n          >>> referenced by fuzz_npm_lock.81437a993e856bd3-cgu.0\n          >>>               /home/dongwon/project/ironpost/fuzz/target/x86_64-unknown-linux-gnu/release/deps/fuzz_npm_lock-b5675317dd42ab79.fuzz_npm_lock.81437a993e856bd3-cgu.0.rcgu.o:(asan.module_dtor.135)\n          \n          rust-lld: error: undefined symbol: __sancov_gen_.546\n          >>> referenced by fuzz_npm_lock.81437a993e856bd3-cgu.0\n          >>>               /home/dongwon/project/ironpost/fuzz/target/x86_64-unknown-linux-gnu/release/deps/fuzz_npm_lock-b5675317dd42ab79.fuzz_npm_lock.81437a993e856bd3-cgu.0.rcgu.o:(asan.module_dtor.175)\n          \n          rust-lld: error: undefined symbol: __sancov_gen_.43\n          >>> referenced by fuzz_npm_lock.81437a993e856bd3-cgu.0\n          >>>               /home/dongwon/project/ironpost/fuzz/target/x86_64-unknown-linux-gnu/release/deps/fuzz_npm_lock-b5675317dd42ab79.fuzz_npm_lock.81437a993e856bd3-cgu.0.rcgu.o:(asan.module_dtor.491)\n          \n          rust-lld: error: undefined symbol: __sancov_gen_.26\n          >>> referenced by fuzz_npm_lock.81437a993e856bd3-cgu.0\n          >>>               /home/dongwon/project/ironpost/fuzz/target/x86_64-unknown-linux-gnu/release/deps/fuzz_npm_lock-b5675317dd42ab79.fuzz_npm_lock.81437a993e856bd3-cgu.0.rcgu.o:(asan.module_dtor.554)\n          \n          rust-lld: error: undefined symbol: __sancov_gen_.69\n          >>> referenced by fuzz_npm_lock.81437a993e856bd3-cgu.0\n          >>>               /home/dongwon/project/ironpost/fuzz/target/x86_64-unknown-linux-gnu/release/deps/fuzz_npm_lock-b5675317dd42ab79.fuzz_npm_lock.81437a993e856bd3-cgu.0.rcgu.o:(asan.module_dtor.579)\n          \n          rust-lld: error: undefined symbol: __sancov_gen_.1438\n          >>> referenced by fuzz_npm_lock.81437a993e856bd3-cgu.0\n          >>>               /home/dongwon/project/ironpost/fuzz/target/x86_64-unknown-linux-gnu/release/deps/fuzz_npm_lock-b5675317dd42ab79.fuzz_npm_lock.81437a993e856bd3-cgu.0.rcgu.o:(asan.module_dtor.624)\n          \n          rust-lld: error: undefined symbol: __sancov_gen_.2208\n          >>> referenced by fuzz_npm_lock.81437a993e856bd3-cgu.0\n          >>>               /home/dongwon/project/ironpost/fuzz/target/x86_64-unknown-linux-gnu/release/deps/fuzz_npm_lock-b5675317dd42ab79.fuzz_npm_lock.81437a993e856bd3-cgu.0.rcgu.o:(asan.module_dtor.882)\n          \n          rust-lld: error: undefined symbol: __sancov_gen_.35\n          >>> referenced by fuzz_npm_lock.81437a993e856bd3-cgu.0\n          >>>               /home/dongwon/project/ironpost/fuzz/target/x86_64-unknown-linux-gnu/release/deps/fuzz_npm_lock-b5675317dd42ab79.fuzz_npm_lock.81437a993e856bd3-cgu.0.rcgu.o:(asan.module_dtor.1420)\n          \n          rust-lld: error: undefined symbol: __sancov_gen_.59\n          >>> referenced by fuzz_npm_lock.81437a993e856bd3-cgu.0\n          >>>               /home/dongwon/project/ironpost/fuzz/target/x86_64-unknown-linux-gnu/release/deps/fuzz_npm_lock-b5675317dd42ab79.fuzz_npm_lock.81437a993e856bd3-cgu.0.rcgu.o:(asan.module_dtor.1479)\n          \n          rust-lld: error: undefined symbol: __sancov_gen_.86\n          >>> referenced by fuzz_npm_lock.81437a993e856bd3-cgu.0\n          >>>               /home/dongwon/project/ironpost/fuzz/target/x86_64-unknown-linux-gnu/release/deps/fuzz_npm_lock-b5675317dd42ab79.fuzz_npm_lock.81437a993e856bd3-cgu.0.rcgu.o:(asan.module_dtor.1597)\n          \n          rust-lld: error: undefined symbol: __sancov_gen_.331\n          >>> referenced by fuzz_npm_lock.81437a993e856bd3-cgu.0\n          >>>               /home/dongwon/project/ironpost/fuzz/target/x86_64-unknown-linux-gnu/release/deps/fuzz_npm_lock-b5675317dd42ab79.fuzz_npm_lock.81437a993e856bd3-cgu.0.rcgu.o:(asan.module_dtor.1722)\n          \n          rust-lld: error: undefined symbol: __sancov_gen_.722\n          >>> referenced by fuzz_npm_lock.81437a993e856bd3-cgu.0\n          >>>               /home/dongwon/project/ironpost/fuzz/target/x86_64-unknown-linux-gnu/release/deps/fuzz_npm_lock-b5675317dd42ab79.fuzz_npm_lock.81437a993e856bd3-cgu.0.rcgu.o:(asan.module_dtor.1999)\n          \n          rust-lld: error: undefined symbol: __sancov_gen_.670\n          >>> referenced by fuzz_npm_lock.81437a993e856bd3-cgu.0\n          >>>               /home/dongwon/project/ironpost/fuzz/target/x86_64-unknown-linux-gnu/release/deps/fuzz_npm_lock-b5675317dd42ab79.fuzz_npm_lock.81437a993e856bd3-cgu.0.rcgu.o:(asan.module_dtor.2306)\n          \n          rust-lld: error: undefined symbol: __sancov_gen_.17\n          >>> referenced by fuzz_npm_lock.81437a993e856bd3-cgu.0\n          >>>               /home/dongwon/project/ironpost/fuzz/target/x86_64-unknown-linux-gnu/release/deps/fuzz_npm_lock-b5675317dd42ab79.fuzz_npm_lock.81437a993e856bd3-cgu.0.rcgu.o:(asan.module_dtor.2865)\n          \n          rust-lld: error: undefined symbol: __sancov_gen_.371\n          >>> referenced by fuzz_npm_lock.81437a993e856bd3-cgu.0\n          >>>               /home/dongwon/project/ironpost/fuzz/target/x86_64-unknown-linux-gnu/release/deps/fuzz_npm_lock-b5675317dd42ab79.fuzz_npm_lock.81437a993e856bd3-cgu.0.rcgu.o:(asan.module_dtor.2890)\n          \n          rust-lld: error: undefined symbol: __sancov_gen_.95\n          >>> referenced by fuzz_npm_lock.81437a993e856bd3-cgu.0\n          >>>               /home/dongwon/project/ironpost/fuzz/target/x86_64-unknown-linux-gnu/release/deps/fuzz_npm_lock-b5675317dd42ab79.fuzz_npm_lock.81437a993e856bd3-cgu.0.rcgu.o:(asan.module_dtor.3193)\n          \n          rust-lld: error: undefined symbol: __sancov_gen_.325\n          >>> referenced by fuzz_npm_lock.81437a993e856bd3-cgu.0\n          >>>               /home/dongwon/project/ironpost/fuzz/target/x86_64-unknown-linux-gnu/release/deps/fuzz_npm_lock-b5675317dd42ab79.fuzz_npm_lock.81437a993e856bd3-cgu.0.rcgu.o:(asan.module_dtor.3335)\n          \n          rust-lld: error: undefined symbol: __sancov_gen_.134\n          >>> referenced by fuzz_npm_lock.81437a993e856bd3-cgu.0\n          >>>               /home/dongwon/project/ironpost/fuzz/target/x86_64-unknown-linux-gnu/release/deps/fuzz_npm_lock-b5675317dd42ab79.fuzz_npm_lock.81437a993e856bd3-cgu.0.rcgu.o:(asan.module_dtor.3731)\n          \n          rust-lld: error: undefined symbol: __sancov_gen_.336\n          >>> referenced by fuzz_npm_lock.81437a993e856bd3-cgu.0\n          >>>               /home/dongwon/project/ironpost/fuzz/target/x86_64-unknown-linux-gnu/release/deps/fuzz_npm_lock-b5675317dd42ab79.fuzz_npm_lock.81437a993e856bd3-cgu.0.rcgu.o:(asan.module_dtor.3833)\n          \n          rust-lld: error: too many errors emitted, stopping now (use --error-limit=0 to see all errors)\n          collect2: error: ld returned 1 exit status\n          \n\n"}
{"$message_type":"diagnostic","message":"aborting due to 1 previous error","code":null,"level":"error","spans":[],"children":[],"rendered":"\u001b[1m\u001b[91merror\u001b[0m\u001b[1m: aborting due to 1 previous error\u001b[0m\n\n"}
